<?xml version="1.0" encoding="UTF-8"?>
<testng-results skipped="0" failed="0" total="1" passed="1">
  <reporter-output>
  </reporter-output>
  <suite name="Default suite" duration-ms="40668" started-at="2021-01-12T23:58:51Z" finished-at="2021-01-12T23:59:32Z">
    <groups>
      <group name="cucumber">
        <method signature="AbstractTestNGCucumberTests.feature(cucumber.api.testng.CucumberFeatureWrapper)[pri:0, instance:cucumberOptions.TestRunner@6eebc39e]" name="feature" class="cucumber.api.testng.AbstractTestNGCucumberTests"/>
      </group> <!-- cucumber -->
    </groups>
    <test name="Default test" duration-ms="40668" started-at="2021-01-12T23:58:51Z" finished-at="2021-01-12T23:59:32Z">
      <class name="cucumberOptions.TestRunner">
        <test-method status="PASS" signature="setUpClass()[pri:0, instance:cucumberOptions.TestRunner@6eebc39e]" name="setUpClass" is-config="true" duration-ms="305" started-at="2021-01-13T00:58:51Z" finished-at="2021-01-13T00:58:51Z">
          <reporter-output>
          </reporter-output>
        </test-method> <!-- setUpClass -->
        <test-method status="PASS" signature="feature(cucumber.api.testng.CucumberFeatureWrapper)[pri:0, instance:cucumberOptions.TestRunner@6eebc39e]" name="feature" duration-ms="40234" started-at="2021-01-13T00:58:51Z" description="Runs Cucumber Feature" data-provider="features" finished-at="2021-01-13T00:59:32Z">
          <params>
            <param index="0">
              <value>
                <![CDATA[To Select best Internet tariff for Verivox user]]>
              </value>
            </param>
          </params>
          <reporter-output>
          </reporter-output>
        </test-method> <!-- feature -->
        <test-method status="PASS" signature="tearDownClass()[pri:0, instance:cucumberOptions.TestRunner@6eebc39e]" name="tearDownClass" is-config="true" duration-ms="13" started-at="2021-01-13T00:59:32Z" finished-at="2021-01-13T00:59:32Z">
          <reporter-output>
          </reporter-output>
        </test-method> <!-- tearDownClass -->
      </class> <!-- cucumberOptions.TestRunner -->
    </test> <!-- Default test -->
  </suite> <!-- Default suite -->
</testng-results>
